<?xml version="1.0" encoding="UTF-8"?>
<testsuite name="com.tradeledger.cards.service.EligibilityServiceTest" tests="1" skipped="0" failures="0" errors="0" timestamp="2021-08-05T16:34:38" hostname="LM-SYD-16501764" time="47.064">
  <properties/>
  <testcase name="testEligibilityCheckRetrySuccessOnForthTime()" classname="com.tradeledger.cards.service.EligibilityServiceTest" time="47.064"/>
  <system-out><![CDATA[02:34:39.013 [Test worker] DEBUG io.netty.util.internal.logging.InternalLoggerFactory - Using SLF4J as the default logging framework
02:34:39.031 [Test worker] DEBUG io.netty.util.internal.PlatformDependent - Platform: MacOS
02:34:39.033 [Test worker] DEBUG io.netty.util.internal.PlatformDependent0 - -Dio.netty.noUnsafe: false
02:34:39.033 [Test worker] DEBUG io.netty.util.internal.PlatformDependent0 - Java version: 8
02:34:39.034 [Test worker] DEBUG io.netty.util.internal.PlatformDependent0 - sun.misc.Unsafe.theUnsafe: available
02:34:39.034 [Test worker] DEBUG io.netty.util.internal.PlatformDependent0 - sun.misc.Unsafe.copyMemory: available
02:34:39.034 [Test worker] DEBUG io.netty.util.internal.PlatformDependent0 - java.nio.Buffer.address: available
02:34:39.035 [Test worker] DEBUG io.netty.util.internal.PlatformDependent0 - direct buffer constructor: available
02:34:39.035 [Test worker] DEBUG io.netty.util.internal.PlatformDependent0 - java.nio.Bits.unaligned: available, true
02:34:39.035 [Test worker] DEBUG io.netty.util.internal.PlatformDependent0 - jdk.internal.misc.Unsafe.allocateUninitializedArray(int): unavailable prior to Java9
02:34:39.035 [Test worker] DEBUG io.netty.util.internal.PlatformDependent0 - java.nio.DirectByteBuffer.<init>(long, int): available
02:34:39.035 [Test worker] DEBUG io.netty.util.internal.PlatformDependent - sun.misc.Unsafe: available
02:34:39.036 [Test worker] DEBUG io.netty.util.internal.PlatformDependent - -Dio.netty.tmpdir: /var/folders/cn/bxrlr86d1dxgkx7vwh8q7fy439cv1d/T (java.io.tmpdir)
02:34:39.036 [Test worker] DEBUG io.netty.util.internal.PlatformDependent - -Dio.netty.bitMode: 64 (sun.arch.data.model)
02:34:39.037 [Test worker] DEBUG io.netty.util.internal.PlatformDependent - -Dio.netty.maxDirectMemory: 514850816 bytes
02:34:39.037 [Test worker] DEBUG io.netty.util.internal.PlatformDependent - -Dio.netty.uninitializedArrayAllocationThreshold: -1
02:34:39.038 [Test worker] DEBUG io.netty.util.internal.CleanerJava6 - java.nio.ByteBuffer.cleaner(): available
02:34:39.038 [Test worker] DEBUG io.netty.util.internal.PlatformDependent - -Dio.netty.noPreferDirect: false
02:34:39.040 [Test worker] DEBUG io.netty.util.NetUtil - -Djava.net.preferIPv4Stack: false
02:34:39.040 [Test worker] DEBUG io.netty.util.NetUtil - -Djava.net.preferIPv6Addresses: false
02:34:39.043 [Test worker] DEBUG io.netty.util.NetUtil - Loopback interface: lo0 (lo0, 0:0:0:0:0:0:0:1)
02:34:39.044 [Test worker] DEBUG io.netty.util.NetUtil - Failed to get SOMAXCONN from sysctl and file /proc/sys/net/core/somaxconn. Default: 128
02:34:39.051 [Test worker] DEBUG reactor.util.Loggers$LoggerFactory - Using Slf4j logging framework
02:34:39.063 [Test worker] DEBUG reactor.netty.tcp.TcpResources - [http] resources will use the default LoopResources: DefaultLoopResources {prefix=reactor-http, daemon=true, selectCount=12, workerCount=12}
02:34:39.063 [Test worker] DEBUG reactor.netty.tcp.TcpResources - [http] resources will use the default ConnectionProvider: reactor.netty.resources.PooledConnectionProvider@5e25aeac
02:34:39.326 [Test worker] DEBUG org.springframework.test.util.ReflectionTestUtils - Setting field 'requestTimeoutInSecond' of type [null] on target object [com.tradeledger.cards.service.HttpRequestService@46125f3a] or target class [class com.tradeledger.cards.service.HttpRequestService] to value [5]
02:34:39.327 [Test worker] DEBUG org.springframework.test.util.ReflectionTestUtils - Setting field 'retryTimes' of type [null] on target object [com.tradeledger.cards.service.HttpRequestService@46125f3a] or target class [class com.tradeledger.cards.service.HttpRequestService] to value [3]
02:34:39.327 [Test worker] DEBUG org.springframework.test.util.ReflectionTestUtils - Setting field 'backOffInSecond' of type [null] on target object [com.tradeledger.cards.service.HttpRequestService@46125f3a] or target class [class com.tradeledger.cards.service.HttpRequestService] to value [5]
02:34:39.682 [Test worker] DEBUG reactor.netty.resources.DefaultLoopKQueue - Default KQueue support : false
02:34:39.685 [Test worker] DEBUG reactor.netty.resources.DefaultLoopEpoll - Default Epoll support : false
02:34:39.689 [Test worker] DEBUG io.netty.channel.MultithreadEventLoopGroup - -Dio.netty.eventLoopThreads: 24
02:34:39.704 [Test worker] DEBUG io.netty.util.internal.InternalThreadLocalMap - -Dio.netty.threadLocalMap.stringBuilder.initialSize: 1024
02:34:39.704 [Test worker] DEBUG io.netty.util.internal.InternalThreadLocalMap - -Dio.netty.threadLocalMap.stringBuilder.maxSize: 4096
02:34:39.710 [Test worker] DEBUG io.netty.channel.nio.NioEventLoop - -Dio.netty.noKeySetOptimization: false
02:34:39.710 [Test worker] DEBUG io.netty.channel.nio.NioEventLoop - -Dio.netty.selectorAutoRebuildThreshold: 512
02:34:39.718 [Test worker] DEBUG io.netty.util.internal.PlatformDependent - org.jctools-core.MpscChunkedArrayQueue: available
02:34:39.750 [Test worker] DEBUG org.springframework.web.reactive.function.client.ExchangeFunctions - [58d25ea9] HTTP POST http://localhost:8090/eligibility/check
02:34:39.772 [Test worker] DEBUG io.netty.util.ResourceLeakDetector - -Dio.netty.leakDetection.level: simple
02:34:39.772 [Test worker] DEBUG io.netty.util.ResourceLeakDetector - -Dio.netty.leakDetection.targetRecords: 4
02:34:39.776 [Test worker] DEBUG reactor.netty.resources.PooledConnectionProvider - Creating a new client pool [PoolFactory {maxConnections=500, pendingAcquireMaxCount=-1, pendingAcquireTimeout=45000, maxIdleTime=-1, maxLifeTime=-1, metricsEnabled=false}] for [localhost:8090]
02:34:39.809 [Test worker] DEBUG io.netty.channel.DefaultChannelId - -Dio.netty.processId: 32671 (auto-detected)
02:34:39.811 [Test worker] DEBUG io.netty.channel.DefaultChannelId - -Dio.netty.machineId: 38:f9:d3:ff:fe:bd:19:d0 (auto-detected)
02:34:39.830 [Test worker] DEBUG io.netty.buffer.PooledByteBufAllocator - -Dio.netty.allocator.numHeapArenas: 4
02:34:39.830 [Test worker] DEBUG io.netty.buffer.PooledByteBufAllocator - -Dio.netty.allocator.numDirectArenas: 5
02:34:39.830 [Test worker] DEBUG io.netty.buffer.PooledByteBufAllocator - -Dio.netty.allocator.pageSize: 8192
02:34:39.830 [Test worker] DEBUG io.netty.buffer.PooledByteBufAllocator - -Dio.netty.allocator.maxOrder: 11
02:34:39.830 [Test worker] DEBUG io.netty.buffer.PooledByteBufAllocator - -Dio.netty.allocator.chunkSize: 16777216
02:34:39.831 [Test worker] DEBUG io.netty.buffer.PooledByteBufAllocator - -Dio.netty.allocator.tinyCacheSize: 512
02:34:39.831 [Test worker] DEBUG io.netty.buffer.PooledByteBufAllocator - -Dio.netty.allocator.smallCacheSize: 256
02:34:39.831 [Test worker] DEBUG io.netty.buffer.PooledByteBufAllocator - -Dio.netty.allocator.normalCacheSize: 64
02:34:39.831 [Test worker] DEBUG io.netty.buffer.PooledByteBufAllocator - -Dio.netty.allocator.maxCachedBufferCapacity: 32768
02:34:39.831 [Test worker] DEBUG io.netty.buffer.PooledByteBufAllocator - -Dio.netty.allocator.cacheTrimInterval: 8192
02:34:39.831 [Test worker] DEBUG io.netty.buffer.PooledByteBufAllocator - -Dio.netty.allocator.cacheTrimIntervalMillis: 0
02:34:39.833 [Test worker] DEBUG io.netty.buffer.PooledByteBufAllocator - -Dio.netty.allocator.useCacheForAllThreads: true
02:34:39.833 [Test worker] DEBUG io.netty.buffer.PooledByteBufAllocator - -Dio.netty.allocator.maxCachedByteBuffersPerChunk: 1023
02:34:39.839 [Test worker] DEBUG io.netty.buffer.ByteBufUtil - -Dio.netty.allocator.type: pooled
02:34:39.839 [Test worker] DEBUG io.netty.buffer.ByteBufUtil - -Dio.netty.threadLocalDirectBufferSize: 0
02:34:39.839 [Test worker] DEBUG io.netty.buffer.ByteBufUtil - -Dio.netty.maxThreadLocalCharBufferSize: 16384
02:34:39.851 [reactor-http-nio-1] DEBUG reactor.netty.resources.PooledConnectionProvider - [id: 0x76d1d3b2] Created a new pooled channel, now 1 active connections and 0 inactive connections
02:34:39.870 [reactor-http-nio-1] DEBUG io.netty.buffer.AbstractByteBuf - -Dio.netty.buffer.checkAccessible: true
02:34:39.870 [reactor-http-nio-1] DEBUG io.netty.buffer.AbstractByteBuf - -Dio.netty.buffer.checkBounds: true
02:34:39.871 [reactor-http-nio-1] DEBUG io.netty.util.ResourceLeakDetectorFactory - Loaded default ResourceLeakDetector: io.netty.util.ResourceLeakDetector@52ed746b
02:34:39.875 [reactor-http-nio-1] DEBUG reactor.netty.channel.BootstrapHandlers - [id: 0x76d1d3b2] Initialized pipeline DefaultChannelPipeline{(BootstrapHandlers$BootstrapInitializerHandler#0 = reactor.netty.channel.BootstrapHandlers$BootstrapInitializerHandler), (PooledConnectionProvider$PooledConnectionAllocator$PooledConnectionInitializer#0 = reactor.netty.resources.PooledConnectionProvider$PooledConnectionAllocator$PooledConnectionInitializer), (reactor.left.httpCodec = io.netty.handler.codec.http.HttpClientCodec), (reactor.left.decompressor = io.netty.handler.codec.http.HttpContentDecompressor), (reactor.right.reactiveBridge = reactor.netty.channel.ChannelOperationsHandler)}
02:34:39.881 [reactor-http-nio-1] DEBUG reactor.netty.resources.PooledConnectionProvider - [id: 0x76d1d3b2, L:/127.0.0.1:57767 - R:localhost/127.0.0.1:8090] Registering pool release on close event for channel
02:34:39.881 [reactor-http-nio-1] DEBUG reactor.netty.resources.PooledConnectionProvider - [id: 0x76d1d3b2, L:/127.0.0.1:57767 - R:localhost/127.0.0.1:8090] Channel connected, now 1 active connections and 0 inactive connections
02:34:39.882 [reactor-http-nio-1] DEBUG reactor.netty.resources.PooledConnectionProvider - [id: 0x76d1d3b2, L:/127.0.0.1:57767 - R:localhost/127.0.0.1:8090] onStateChange(PooledConnection{channel=[id: 0x76d1d3b2, L:/127.0.0.1:57767 - R:localhost/127.0.0.1:8090]}, [connected])
02:34:39.888 [reactor-http-nio-1] DEBUG reactor.netty.resources.PooledConnectionProvider - [id: 0x76d1d3b2, L:/127.0.0.1:57767 - R:localhost/127.0.0.1:8090] onStateChange(GET{uri=/, connection=PooledConnection{channel=[id: 0x76d1d3b2, L:/127.0.0.1:57767 - R:localhost/127.0.0.1:8090]}}, [configured])
02:34:39.889 [reactor-http-nio-1] DEBUG reactor.netty.http.client.HttpClientConnect - [id: 0x76d1d3b2, L:/127.0.0.1:57767 - R:localhost/127.0.0.1:8090] Handler is being applied: {uri=http://localhost:8090/eligibility/check, method=POST}
02:34:39.895 [reactor-http-nio-1] DEBUG reactor.netty.resources.PooledConnectionProvider - [id: 0x76d1d3b2, L:/127.0.0.1:57767 - R:localhost/127.0.0.1:8090] onStateChange(POST{uri=/eligibility/check, connection=PooledConnection{channel=[id: 0x76d1d3b2, L:/127.0.0.1:57767 - R:localhost/127.0.0.1:8090]}}, [request_prepared])
02:34:39.910 [reactor-http-nio-1] DEBUG org.springframework.http.codec.json.Jackson2JsonEncoder - [58d25ea9] Encoding [com.tradeledger.cards.common.Applicant@7c08780a]
02:34:39.915 [reactor-http-nio-1] DEBUG io.netty.util.Recycler - -Dio.netty.recycler.maxCapacityPerThread: 4096
02:34:39.915 [reactor-http-nio-1] DEBUG io.netty.util.Recycler - -Dio.netty.recycler.maxSharedCapacityFactor: 2
02:34:39.915 [reactor-http-nio-1] DEBUG io.netty.util.Recycler - -Dio.netty.recycler.linkCapacity: 16
02:34:39.915 [reactor-http-nio-1] DEBUG io.netty.util.Recycler - -Dio.netty.recycler.ratio: 8
02:34:39.915 [reactor-http-nio-1] DEBUG io.netty.util.Recycler - -Dio.netty.recycler.delayedQueue.ratio: 8
02:34:39.937 [reactor-http-nio-1] DEBUG reactor.netty.resources.PooledConnectionProvider - [id: 0x76d1d3b2, L:/127.0.0.1:57767 - R:localhost/127.0.0.1:8090] onStateChange(POST{uri=/eligibility/check, connection=PooledConnection{channel=[id: 0x76d1d3b2, L:/127.0.0.1:57767 - R:localhost/127.0.0.1:8090]}}, [request_sent])
02:34:39.952 [reactor-http-nio-1] DEBUG reactor.netty.http.client.HttpClientOperations - [id: 0x76d1d3b2, L:/127.0.0.1:57767 - R:localhost/127.0.0.1:8090] Received response (auto-read:false) : [Content-Length=0]
02:34:39.952 [reactor-http-nio-1] DEBUG reactor.netty.resources.PooledConnectionProvider - [id: 0x76d1d3b2, L:/127.0.0.1:57767 - R:localhost/127.0.0.1:8090] onStateChange(POST{uri=/eligibility/check, connection=PooledConnection{channel=[id: 0x76d1d3b2, L:/127.0.0.1:57767 - R:localhost/127.0.0.1:8090]}}, [response_received])
02:34:39.954 [reactor-http-nio-1] DEBUG org.springframework.web.reactive.function.client.ExchangeFunctions - [58d25ea9] Response 500 INTERNAL_SERVER_ERROR
02:34:39.986 [reactor-http-nio-1] DEBUG reactor.netty.channel.FluxReceive - [id: 0x76d1d3b2, L:/127.0.0.1:57767 - R:localhost/127.0.0.1:8090] Subscribing inbound receiver [pending: 0, cancelled:false, inboundDone: false]
02:34:39.987 [reactor-http-nio-1] DEBUG reactor.netty.http.client.HttpClientOperations - [id: 0x76d1d3b2, L:/127.0.0.1:57767 - R:localhost/127.0.0.1:8090] Received last HTTP packet
02:34:39.989 [reactor-http-nio-1] DEBUG reactor.netty.resources.PooledConnectionProvider - [id: 0x76d1d3b2, L:/127.0.0.1:57767 - R:localhost/127.0.0.1:8090] onStateChange(POST{uri=/eligibility/check, connection=PooledConnection{channel=[id: 0x76d1d3b2, L:/127.0.0.1:57767 - R:localhost/127.0.0.1:8090]}}, [response_completed])
02:34:39.989 [reactor-http-nio-1] DEBUG reactor.netty.resources.PooledConnectionProvider - [id: 0x76d1d3b2, L:/127.0.0.1:57767 - R:localhost/127.0.0.1:8090] onStateChange(POST{uri=/eligibility/check, connection=PooledConnection{channel=[id: 0x76d1d3b2, L:/127.0.0.1:57767 - R:localhost/127.0.0.1:8090]}}, [disconnecting])
02:34:39.989 [reactor-http-nio-1] DEBUG reactor.netty.resources.PooledConnectionProvider - [id: 0x76d1d3b2, L:/127.0.0.1:57767 - R:localhost/127.0.0.1:8090] Releasing channel
02:34:39.990 [reactor-http-nio-1] DEBUG reactor.netty.resources.PooledConnectionProvider - [id: 0x76d1d3b2, L:/127.0.0.1:57767 - R:localhost/127.0.0.1:8090] Channel cleaned, now 0 active connections and 1 inactive connections
02:34:45.540 [parallel-2] DEBUG org.springframework.web.reactive.function.client.ExchangeFunctions - [58d25ea9] HTTP POST http://localhost:8090/eligibility/check
02:34:45.541 [reactor-http-nio-1] DEBUG reactor.netty.resources.PooledConnectionProvider - [id: 0x76d1d3b2, L:/127.0.0.1:57767 - R:localhost/127.0.0.1:8090] Channel acquired, now 1 active connections and 0 inactive connections
02:34:45.542 [reactor-http-nio-1] DEBUG reactor.netty.http.client.HttpClientConnect - [id: 0x76d1d3b2, L:/127.0.0.1:57767 - R:localhost/127.0.0.1:8090] Handler is being applied: {uri=http://localhost:8090/eligibility/check, method=POST}
02:34:45.542 [reactor-http-nio-1] DEBUG reactor.netty.resources.PooledConnectionProvider - [id: 0x76d1d3b2, L:/127.0.0.1:57767 - R:localhost/127.0.0.1:8090] onStateChange(POST{uri=/eligibility/check, connection=PooledConnection{channel=[id: 0x76d1d3b2, L:/127.0.0.1:57767 - R:localhost/127.0.0.1:8090]}}, [request_prepared])
02:34:45.543 [reactor-http-nio-1] DEBUG org.springframework.http.codec.json.Jackson2JsonEncoder - [58d25ea9] Encoding [com.tradeledger.cards.common.Applicant@7c08780a]
02:34:45.544 [reactor-http-nio-1] DEBUG reactor.netty.resources.PooledConnectionProvider - [id: 0x76d1d3b2, L:/127.0.0.1:57767 - R:localhost/127.0.0.1:8090] onStateChange(POST{uri=/eligibility/check, connection=PooledConnection{channel=[id: 0x76d1d3b2, L:/127.0.0.1:57767 - R:localhost/127.0.0.1:8090]}}, [request_sent])
02:34:45.545 [reactor-http-nio-1] DEBUG reactor.netty.http.client.HttpClientOperations - [id: 0x76d1d3b2, L:/127.0.0.1:57767 - R:localhost/127.0.0.1:8090] Received response (auto-read:false) : [Content-Length=0]
02:34:45.545 [reactor-http-nio-1] DEBUG reactor.netty.resources.PooledConnectionProvider - [id: 0x76d1d3b2, L:/127.0.0.1:57767 - R:localhost/127.0.0.1:8090] onStateChange(POST{uri=/eligibility/check, connection=PooledConnection{channel=[id: 0x76d1d3b2, L:/127.0.0.1:57767 - R:localhost/127.0.0.1:8090]}}, [response_received])
02:34:45.546 [reactor-http-nio-1] DEBUG org.springframework.web.reactive.function.client.ExchangeFunctions - [58d25ea9] Response 500 INTERNAL_SERVER_ERROR
02:34:45.546 [reactor-http-nio-1] DEBUG reactor.netty.channel.FluxReceive - [id: 0x76d1d3b2, L:/127.0.0.1:57767 - R:localhost/127.0.0.1:8090] Subscribing inbound receiver [pending: 0, cancelled:false, inboundDone: false]
02:34:45.546 [reactor-http-nio-1] DEBUG reactor.netty.http.client.HttpClientOperations - [id: 0x76d1d3b2, L:/127.0.0.1:57767 - R:localhost/127.0.0.1:8090] Received last HTTP packet
02:34:45.547 [reactor-http-nio-1] DEBUG reactor.netty.resources.PooledConnectionProvider - [id: 0x76d1d3b2, L:/127.0.0.1:57767 - R:localhost/127.0.0.1:8090] onStateChange(POST{uri=/eligibility/check, connection=PooledConnection{channel=[id: 0x76d1d3b2, L:/127.0.0.1:57767 - R:localhost/127.0.0.1:8090]}}, [response_completed])
02:34:45.547 [reactor-http-nio-1] DEBUG reactor.netty.resources.PooledConnectionProvider - [id: 0x76d1d3b2, L:/127.0.0.1:57767 - R:localhost/127.0.0.1:8090] onStateChange(POST{uri=/eligibility/check, connection=PooledConnection{channel=[id: 0x76d1d3b2, L:/127.0.0.1:57767 - R:localhost/127.0.0.1:8090]}}, [disconnecting])
02:34:45.547 [reactor-http-nio-1] DEBUG reactor.netty.resources.PooledConnectionProvider - [id: 0x76d1d3b2, L:/127.0.0.1:57767 - R:localhost/127.0.0.1:8090] Releasing channel
02:34:45.547 [reactor-http-nio-1] DEBUG reactor.netty.resources.PooledConnectionProvider - [id: 0x76d1d3b2, L:/127.0.0.1:57767 - R:localhost/127.0.0.1:8090] Channel cleaned, now 0 active connections and 1 inactive connections
02:34:56.749 [parallel-4] DEBUG org.springframework.web.reactive.function.client.ExchangeFunctions - [58d25ea9] HTTP POST http://localhost:8090/eligibility/check
02:34:56.750 [reactor-http-nio-1] DEBUG reactor.netty.resources.PooledConnectionProvider - [id: 0x76d1d3b2, L:/127.0.0.1:57767 - R:localhost/127.0.0.1:8090] Channel acquired, now 1 active connections and 0 inactive connections
02:34:56.750 [reactor-http-nio-1] DEBUG reactor.netty.http.client.HttpClientConnect - [id: 0x76d1d3b2, L:/127.0.0.1:57767 - R:localhost/127.0.0.1:8090] Handler is being applied: {uri=http://localhost:8090/eligibility/check, method=POST}
02:34:56.750 [reactor-http-nio-1] DEBUG reactor.netty.resources.PooledConnectionProvider - [id: 0x76d1d3b2, L:/127.0.0.1:57767 - R:localhost/127.0.0.1:8090] onStateChange(POST{uri=/eligibility/check, connection=PooledConnection{channel=[id: 0x76d1d3b2, L:/127.0.0.1:57767 - R:localhost/127.0.0.1:8090]}}, [request_prepared])
02:34:56.751 [reactor-http-nio-1] DEBUG org.springframework.http.codec.json.Jackson2JsonEncoder - [58d25ea9] Encoding [com.tradeledger.cards.common.Applicant@7c08780a]
02:34:56.751 [reactor-http-nio-1] DEBUG reactor.netty.resources.PooledConnectionProvider - [id: 0x76d1d3b2, L:/127.0.0.1:57767 - R:localhost/127.0.0.1:8090] onStateChange(POST{uri=/eligibility/check, connection=PooledConnection{channel=[id: 0x76d1d3b2, L:/127.0.0.1:57767 - R:localhost/127.0.0.1:8090]}}, [request_sent])
02:34:56.753 [reactor-http-nio-1] DEBUG reactor.netty.http.client.HttpClientOperations - [id: 0x76d1d3b2, L:/127.0.0.1:57767 - R:localhost/127.0.0.1:8090] Received response (auto-read:false) : [Content-Length=0]
02:34:56.753 [reactor-http-nio-1] DEBUG reactor.netty.resources.PooledConnectionProvider - [id: 0x76d1d3b2, L:/127.0.0.1:57767 - R:localhost/127.0.0.1:8090] onStateChange(POST{uri=/eligibility/check, connection=PooledConnection{channel=[id: 0x76d1d3b2, L:/127.0.0.1:57767 - R:localhost/127.0.0.1:8090]}}, [response_received])
02:34:56.753 [reactor-http-nio-1] DEBUG org.springframework.web.reactive.function.client.ExchangeFunctions - [58d25ea9] Response 500 INTERNAL_SERVER_ERROR
02:34:56.754 [reactor-http-nio-1] DEBUG reactor.netty.channel.FluxReceive - [id: 0x76d1d3b2, L:/127.0.0.1:57767 - R:localhost/127.0.0.1:8090] Subscribing inbound receiver [pending: 0, cancelled:false, inboundDone: false]
02:34:56.754 [reactor-http-nio-1] DEBUG reactor.netty.http.client.HttpClientOperations - [id: 0x76d1d3b2, L:/127.0.0.1:57767 - R:localhost/127.0.0.1:8090] Received last HTTP packet
02:34:56.755 [reactor-http-nio-1] DEBUG reactor.netty.resources.PooledConnectionProvider - [id: 0x76d1d3b2, L:/127.0.0.1:57767 - R:localhost/127.0.0.1:8090] onStateChange(POST{uri=/eligibility/check, connection=PooledConnection{channel=[id: 0x76d1d3b2, L:/127.0.0.1:57767 - R:localhost/127.0.0.1:8090]}}, [response_completed])
02:34:56.755 [reactor-http-nio-1] DEBUG reactor.netty.resources.PooledConnectionProvider - [id: 0x76d1d3b2, L:/127.0.0.1:57767 - R:localhost/127.0.0.1:8090] onStateChange(POST{uri=/eligibility/check, connection=PooledConnection{channel=[id: 0x76d1d3b2, L:/127.0.0.1:57767 - R:localhost/127.0.0.1:8090]}}, [disconnecting])
02:34:56.755 [reactor-http-nio-1] DEBUG reactor.netty.resources.PooledConnectionProvider - [id: 0x76d1d3b2, L:/127.0.0.1:57767 - R:localhost/127.0.0.1:8090] Releasing channel
02:34:56.755 [reactor-http-nio-1] DEBUG reactor.netty.resources.PooledConnectionProvider - [id: 0x76d1d3b2, L:/127.0.0.1:57767 - R:localhost/127.0.0.1:8090] Channel cleaned, now 0 active connections and 1 inactive connections
02:35:25.682 [parallel-6] DEBUG org.springframework.web.reactive.function.client.ExchangeFunctions - [58d25ea9] HTTP POST http://localhost:8090/eligibility/check
02:35:25.682 [reactor-http-nio-1] DEBUG reactor.netty.resources.PooledConnectionProvider - [id: 0x76d1d3b2, L:/127.0.0.1:57767 - R:localhost/127.0.0.1:8090] Channel acquired, now 1 active connections and 0 inactive connections
02:35:25.683 [reactor-http-nio-1] DEBUG reactor.netty.http.client.HttpClientConnect - [id: 0x76d1d3b2, L:/127.0.0.1:57767 - R:localhost/127.0.0.1:8090] Handler is being applied: {uri=http://localhost:8090/eligibility/check, method=POST}
02:35:25.683 [reactor-http-nio-1] DEBUG reactor.netty.resources.PooledConnectionProvider - [id: 0x76d1d3b2, L:/127.0.0.1:57767 - R:localhost/127.0.0.1:8090] onStateChange(POST{uri=/eligibility/check, connection=PooledConnection{channel=[id: 0x76d1d3b2, L:/127.0.0.1:57767 - R:localhost/127.0.0.1:8090]}}, [request_prepared])
02:35:25.683 [reactor-http-nio-1] DEBUG org.springframework.http.codec.json.Jackson2JsonEncoder - [58d25ea9] Encoding [com.tradeledger.cards.common.Applicant@7c08780a]
02:35:25.684 [reactor-http-nio-1] DEBUG reactor.netty.resources.PooledConnectionProvider - [id: 0x76d1d3b2, L:/127.0.0.1:57767 - R:localhost/127.0.0.1:8090] onStateChange(POST{uri=/eligibility/check, connection=PooledConnection{channel=[id: 0x76d1d3b2, L:/127.0.0.1:57767 - R:localhost/127.0.0.1:8090]}}, [request_sent])
02:35:25.693 [reactor-http-nio-1] DEBUG reactor.netty.http.client.HttpClientOperations - [id: 0x76d1d3b2, L:/127.0.0.1:57767 - R:localhost/127.0.0.1:8090] Received response (auto-read:false) : [Content-Type=application/json, Content-Length=2]
02:35:25.693 [reactor-http-nio-1] DEBUG reactor.netty.resources.PooledConnectionProvider - [id: 0x76d1d3b2, L:/127.0.0.1:57767 - R:localhost/127.0.0.1:8090] onStateChange(POST{uri=/eligibility/check, connection=PooledConnection{channel=[id: 0x76d1d3b2, L:/127.0.0.1:57767 - R:localhost/127.0.0.1:8090]}}, [response_received])
02:35:25.694 [reactor-http-nio-1] DEBUG org.springframework.web.reactive.function.client.ExchangeFunctions - [58d25ea9] Response 200 OK
02:35:25.698 [reactor-http-nio-1] DEBUG reactor.netty.channel.FluxReceive - [id: 0x76d1d3b2, L:/127.0.0.1:57767 - R:localhost/127.0.0.1:8090] Subscribing inbound receiver [pending: 0, cancelled:false, inboundDone: false]
02:35:25.701 [reactor-http-nio-1] DEBUG reactor.netty.http.client.HttpClientOperations - [id: 0x76d1d3b2, L:/127.0.0.1:57767 - R:localhost/127.0.0.1:8090] Received last HTTP packet
02:35:25.711 [reactor-http-nio-1] DEBUG org.springframework.http.codec.json.Jackson2JsonDecoder - [58d25ea9] Decoded [com.tradeledger.cards.model.EligibilityResult@275]
02:35:25.712 [reactor-http-nio-1] DEBUG reactor.netty.resources.PooledConnectionProvider - [id: 0x76d1d3b2, L:/127.0.0.1:57767 - R:localhost/127.0.0.1:8090] onStateChange(POST{uri=/eligibility/check, connection=PooledConnection{channel=[id: 0x76d1d3b2, L:/127.0.0.1:57767 - R:localhost/127.0.0.1:8090]}}, [response_completed])
02:35:25.713 [reactor-http-nio-1] DEBUG reactor.netty.resources.PooledConnectionProvider - [id: 0x76d1d3b2, L:/127.0.0.1:57767 - R:localhost/127.0.0.1:8090] onStateChange(POST{uri=/eligibility/check, connection=PooledConnection{channel=[id: 0x76d1d3b2, L:/127.0.0.1:57767 - R:localhost/127.0.0.1:8090]}}, [disconnecting])
02:35:25.713 [reactor-http-nio-1] DEBUG reactor.netty.resources.PooledConnectionProvider - [id: 0x76d1d3b2, L:/127.0.0.1:57767 - R:localhost/127.0.0.1:8090] Releasing channel
02:35:25.713 [reactor-http-nio-1] DEBUG reactor.netty.resources.PooledConnectionProvider - [id: 0x76d1d3b2, L:/127.0.0.1:57767 - R:localhost/127.0.0.1:8090] Channel cleaned, now 0 active connections and 1 inactive connections
02:35:25.720 [reactor-http-nio-1] DEBUG reactor.netty.resources.PooledConnectionProvider - [id: 0x76d1d3b2, L:/127.0.0.1:57767 ! R:localhost/127.0.0.1:8090] onStateChange(PooledConnection{channel=[id: 0x76d1d3b2, L:/127.0.0.1:57767 ! R:localhost/127.0.0.1:8090]}, [disconnecting])
]]></system-out>
  <system-err><![CDATA[Aug 06, 2021 2:34:39 AM okhttp3.mockwebserver.MockWebServer$3 execute
INFO: MockWebServer[8090] starting to accept connections
Aug 06, 2021 2:34:39 AM okhttp3.mockwebserver.MockWebServer$4 processOneRequest
INFO: MockWebServer[8090] received request: POST /eligibility/check HTTP/1.1 and responded: HTTP/1.1 500 Server Error
Aug 06, 2021 2:34:45 AM okhttp3.mockwebserver.MockWebServer$4 processOneRequest
INFO: MockWebServer[8090] received request: POST /eligibility/check HTTP/1.1 and responded: HTTP/1.1 500 Server Error
Aug 06, 2021 2:34:56 AM okhttp3.mockwebserver.MockWebServer$4 processOneRequest
INFO: MockWebServer[8090] received request: POST /eligibility/check HTTP/1.1 and responded: HTTP/1.1 500 Server Error
Aug 06, 2021 2:35:25 AM okhttp3.mockwebserver.MockWebServer$4 processOneRequest
INFO: MockWebServer[8090] received request: POST /eligibility/check HTTP/1.1 and responded: HTTP/1.1 200 OK
Aug 06, 2021 2:35:25 AM okhttp3.mockwebserver.MockWebServer$3 acceptConnections
INFO: MockWebServer[8090] done accepting connections: Socket closed
]]></system-err>
</testsuite>
